<?xml version="1.0" encoding="UTF-8"?>
<!-- Generated by org.testng.reporters.JUnitReportReporter -->
<testsuite hostname="DESKTOP-CRROM10" failures="1" tests="18" name="com.automation.runners.TestRunner" time="386.618" errors="0" timestamp="2022-06-23T14:26:41 EET" skipped="0">
  <testcase classname="com.automation.runners.TestRunner" name="runScenario" time="8.465"/>
  <system-out/>
  <testcase classname="com.automation.runners.TestRunner" name="runScenario" time="5.852"/>
  <system-out/>
  <testcase classname="com.automation.runners.TestRunner" name="runScenario" time="8.915"/>
  <system-out/>
  <testcase classname="com.automation.runners.TestRunner" name="runScenario" time="16.071"/>
  <system-out/>
  <testcase classname="com.automation.runners.TestRunner" name="runScenario" time="61.130">
    <failure message="InCorrect URL expected [https://www.facebook.com/nopCommerce] but found [https://web.facebook.com/nopCommerce?_rdc=1&amp;_rdr]" type="java.lang.AssertionError">
      <![CDATA[java.lang.AssertionError: InCorrect URL expected [https://www.facebook.com/nopCommerce] but found [https://web.facebook.com/nopCommerce?_rdc=1&_rdr]
at org.testng.Assert.fail(Assert.java:110)
at org.testng.Assert.failNotEquals(Assert.java:1413)
at org.testng.Assert.assertEqualsImpl(Assert.java:149)
at org.testng.Assert.assertEquals(Assert.java:131)
at org.testng.Assert.assertEquals(Assert.java:655)
at com.automation.step_definitions.Login.navigatedSuccessfully(Login.java:50)
at âœ½."https://www.facebook.com/nopCommerce" opened successfully(file:///C:/Users/Administrator/Downloads/E-Commerce%20Automation-Test/E-Commerce%20Automation-Test/src/main/resources/features/F02_login.feature:12)
]]>
    </failure>
  </testcase> <!-- runScenario -->
  <system-out/>
  <testcase classname="com.automation.runners.TestRunner" name="runScenario" time="6.158"/>
  <system-out/>
  <testcase classname="com.automation.runners.TestRunner" name="runScenario" time="10.353"/>
  <system-out/>
  <testcase classname="com.automation.runners.TestRunner" name="runScenario" time="90.589"/>
  <system-out/>
  <testcase classname="com.automation.runners.TestRunner" name="runScenario" time="7.767"/>
  <system-out/>
  <testcase classname="com.automation.runners.TestRunner" name="runScenario" time="31.513"/>
  <system-out/>
  <testcase classname="com.automation.runners.TestRunner" name="runScenario" time="13.863"/>
  <system-out/>
  <testcase classname="com.automation.runners.TestRunner" name="runScenario" time="55.349"/>
  <system-out/>
  <testcase classname="com.automation.runners.TestRunner" name="runScenario" time="5.656"/>
  <system-out/>
  <testcase classname="com.automation.runners.TestRunner" name="runScenario" time="17.171"/>
  <system-out/>
  <testcase classname="com.automation.runners.TestRunner" name="runScenario" time="6.108"/>
  <system-out/>
  <testcase classname="com.automation.runners.TestRunner" name="runScenario" time="16.262"/>
  <system-out/>
  <testcase classname="com.automation.runners.TestRunner" name="runScenario" time="8.313"/>
  <system-out/>
  <testcase classname="com.automation.runners.TestRunner" name="runScenario" time="17.083"/>
  <system-out/>
</testsuite> <!-- com.automation.runners.TestRunner -->
